350 sort,  100 3935627 29551016 SAGE
Server: average latency =  [2707.5302734375, 2696.386962890625] (ms) failures = [14, 0, 14] [58.58607607707381, 27.974845364689827, 43.82021056022495] 9866 11852 32.36245322227478 39371.55810546875
tensor([2.7075e+03, 7.5099e+04, 2.6964e+03, 2.8134e+00, 5.8586e+01, 0.0000e+00,
        2.7975e+01, 4.3820e+01, 2.9530e+00])
350 sort,  200 9004109 26876925 SAGE
Server: average latency =  [88.91343688964844, 74.24514770507812] (ms) failures = [2, 0, 2] [37.88451077789068, 24.267294911667705, 33.19836053811014] 5760 6370 19.37008237838745 39351.2880859375
tensor([  88.9134, 1041.7568,   74.2451,    1.4559,   37.8845,    0.0000,
          24.2673,   33.1984,    5.4943])
350 sort,  1600 33234069 18141603 SAGE
Server: average latency =  [66.84111022949219, 25.678287506103516] (ms) failures = [1, 0, 1] [29.030598755460232, 27.012052641250193, 29.38519729487598] 3907 3993 13.330193996429443 39085.28125
tensor([ 66.8411, 295.9085,  25.6783,   1.0301,  29.0306,   0.0000,  27.0121,
         29.3852,   8.7651])
350 sort,  800 17446904 23504423 SAGE
Server: average latency =  [49.442020416259766, 21.01561737060547] (ms) failures = [1, 0, 1] [31.2647199225612, 22.49881854187697, 30.99551619356498] 4298 4582 14.981579780578613 39365.17333984375
tensor([ 49.4420, 239.4284,  21.0156,   1.0889,  31.2647,   0.0000,  22.4988,
         30.9955,   7.6384])
350 sort,  400 10641835 26467228 SAGE
Server: average latency =  [44.6602897644043, 24.967323303222656] (ms) failures = [1, 0, 1] [33.53871725406498, 22.79036742914468, 31.359564550220966] 4767 5286 16.58061933517456 39391.50537109375
tensor([ 44.6603, 302.0141,  24.9673,   1.2454,  33.5387,   0.0000,  22.7904,
         31.3596,   6.6211])
tensor([  4.0000,  44.6603, 302.0141,  24.9673,   1.2454,  33.5387,   0.0000,
         22.7904,  31.3596,   6.6211])






75 sort,  800 12000000 5991916 GAT
Server: average latency =  [343.99493408203125, 191.65679931640625] (ms) failures = [0, 0, 0] [8.442323997616768, 30.373155074659735, 44.34328790334985] 1069 1226 4.257838726043701 25246.375
tensor([3.4399e+02, 2.0713e+03, 1.9166e+02, 2.7928e-01, 8.4423e+00, 0.0000e+00,
        3.0373e+01, 4.4343e+01, 6.1166e+00])
75 sort,  400 12000000 13073358 GAT
Server: average latency =  [227.55990600585938, 158.35147094726562] (ms) failures = [0, 0, 0] [10.257936935406178, 12.283092378173023, 53.50155884725973] 1515 1611 5.281820774078369 32160.076171875
tensor([2.2756e+02, 1.9003e+03, 1.5835e+02, 3.6957e-01, 1.0258e+01, 0.0000e+00,
        1.2283e+01, 5.3502e+01, 4.6549e+00])
75 sort,  200 12000000 15542322 GAT
Server: average latency =  [293.2986145019531, 255.82815551757812] (ms) failures = [0, 0, 0] [12.152399167884141, 10.277659000828862, 55.611588928848505] 1901 1989 6.446365594863892 34572.2626953125
tensor([2.9330e+02, 1.9264e+03, 2.5583e+02, 4.6927e-01, 1.2152e+01, 0.0000e+00,
        1.0278e+01, 5.5612e+01, 3.7702e+00])
75 sort,  100 12000000 15541459 GAT
Server: average latency =  [234.7631072998047, 209.96571350097656] (ms) failures = [0, 0, 0] [15.2677590418607, 10.998531714547426, 54.0085009271279] 2628 2716 8.31080150604248 34572.21337890625
tensor([2.3476e+02, 1.9815e+03, 2.0997e+02, 6.2240e-01, 1.5268e+01, 0.0000e+00,
        1.0999e+01, 5.4008e+01, 2.7610e+00])
tensor([2.0000e+00, 2.2756e+02, 1.9003e+03, 1.5835e+02, 3.6957e-01, 1.0258e+01,
        0.0000e+00, 1.2283e+01, 5.3502e+01, 4.6549e+00])


150 sort,  800 35893682 45457621 SAGE
Server: average latency =  [93.2287826538086, 31.514963150024414] (ms) failures = [0, 0, 0] [27.306816591415554, 35.863141431007534, 16.049981148913503] 2242 2287 10.848828077316284 37205.931640625
tensor([ 93.2288, 285.5157,  31.5150,   0.5792,  27.3068,   0.0000,  35.8631,
         16.0500,   6.5584])
150 sort,  400 17019833 55982522 SAGE
Server: average latency =  [67.39027404785156, 26.393980026245117] (ms) failures = [0, 0, 0] [30.534503762610257, 28.29124037269503, 17.073893948923796] 2780 3016 13.08193063735962 38171.1689453125
tensor([ 67.3903, 250.1458,  26.3940,   0.6786,  30.5345,   0.0000,  28.2912,
         17.0739,   4.9731])
150 sort,  200 10502872 59891784 SAGE
Server: average latency =  [60.753456115722656, 33.055667877197266] (ms) failures = [0, 0, 0] [34.782787289936095, 26.77935316087678, 18.662736926227808] 3486 3920 15.812345504760742 38446.2177734375
tensor([ 60.7535, 432.0059,  33.0557,   0.8241,  34.7828,   0.0000,  26.7794,
         18.6627,   3.8263])






30 sort,  200 25622724 24803449 GAT
^CProcess Process-4:1:
Process Process-4:3:
Traceback (most recent call last):
  File "/sfs/weka/scratch/mez4em/inference_paper_mlsys_post/sens/PA_P.py", line 1383, in <module>
    p.join()
  File "/scratch/mez4em/anaconda3/lib/python3.10/multiprocessing/process.py", line 149, in join
    res = self._popen.wait(timeout)
  File "/scratch/mez4em/anaconda3/lib/python3.10/multiprocessing/popen_fork.py", line 43, in wait
Traceback (most recent call last):
  File "/scratch/mez4em/anaconda3/lib/python3.10/multiprocessing/process.py", line 314, in _bootstrap
    self.run()
  File "/scratch/mez4em/anaconda3/lib/python3.10/multiprocessing/process.py", line 108, in run
    self._target(*self._args, **self._kwargs)
  File "/sfs/weka/scratch/mez4em/inference_paper_mlsys_post/sens/PA_P.py", line 117, in client
    time.sleep(0.0001)
KeyboardInterrupt
    return self.poll(os.WNOHANG if timeout == 0.0 else 0)
  File "/scratch/mez4em/anaconda3/lib/python3.10/multiprocessing/popen_fork.py", line 27, in poll
    pid, sts = os.waitpid(self.pid, flag)
KeyboardInterrupt
Traceback (most recent call last):
  File "/scratch/mez4em/anaconda3/lib/python3.10/multiprocessing/process.py", line 314, in _bootstrap
    self.run()
  File "/scratch/mez4em/anaconda3/lib/python3.10/multiprocessing/process.py", line 108, in run
    self._target(*self._args, **self._kwargs)
  File "/sfs/weka/scratch/mez4em/inference_paper_mlsys_post/sens/PA_P.py", line 193, in request_handler
    rcv_thread.join()
  File "/scratch/mez4em/anaconda3/lib/python3.10/threading.py", line 1096, in join
    self._wait_for_tstate_lock()
  File "/scratch/mez4em/anaconda3/lib/python3.10/threading.py", line 1116, in _wait_for_tstate_lock
    if lock.acquire(block, timeout):
KeyboardInterrupt
Exception in thread Thread-3 (rcv):
Traceback (most recent call last):
  File "/scratch/mez4em/anaconda3/lib/python3.10/threading.py", line 1016, in _bootstrap_inner
    self.run()
  File "/scratch/mez4em/anaconda3/lib/python3.10/threading.py", line 953, in run
    self._target(*self._args, **self._kwargs)
  File "/sfs/weka/scratch/mez4em/inference_paper_mlsys_post/sens/PA_P.py", line 153, in rcv
    data = conn.recv(WIDTH)
ConnectionResetError: [Errno 104] Connection reset by peer
^CException ignored in atexit callback: <function _exit_function at 0x7f89f4bd35b0>
Traceback (most recent call last):
  File "/scratch/mez4em/anaconda3/lib/python3.10/multiprocessing/util.py", line 357, in _exit_function
Process Process-4:
Traceback (most recent call last):
  File "/scratch/mez4em/anaconda3/lib/python3.10/multiprocessing/process.py", line 314, in _bootstrap
    self.run()
  File "/scratch/mez4em/anaconda3/lib/python3.10/multiprocessing/process.py", line 108, in run
    self._target(*self._args, **self._kwargs)
  File "/sfs/weka/scratch/mez4em/inference_paper_mlsys_post/sens/PA_P.py", line 1248, in main
    client_process.join()
  File "/scratch/mez4em/anaconda3/lib/python3.10/multiprocessing/process.py", line 149, in join
    res = self._popen.wait(timeout)
  File "/scratch/mez4em/anaconda3/lib/python3.10/multiprocessing/popen_fork.py", line 43, in wait
    return self.poll(os.WNOHANG if timeout == 0.0 else 0)
  File "/scratch/mez4em/anaconda3/lib/python3.10/multiprocessing/popen_fork.py", line 27, in poll
    pid, sts = os.waitpid(self.pid, flag)
KeyboardInterrupt

During handling of the above exception, another exception occurred:

Traceback (most recent call last):
  File "/scratch/mez4em/anaconda3/lib/python3.10/multiprocessing/process.py", line 317, in _bootstrap
    util._exit_function()
  File "/scratch/mez4em/anaconda3/lib/python3.10/multiprocessing/util.py", line 357, in _exit_function
    p.join()
  File "/scratch/mez4em/anaconda3/lib/python3.10/multiprocessing/process.py", line 149, in join
    res = self._popen.wait(timeout)
  File "/scratch/mez4em/anaconda3/lib/python3.10/multiprocessing/popen_fork.py", line 43, in wait
    return self.poll(os.WNOHANG if timeout == 0.0 else 0)
  File "/scratch/mez4em/anaconda3/lib/python3.10/multiprocessing/popen_fork.py", line 27, in poll
    pid, sts = os.waitpid(self.pid, flag)
KeyboardInterrupt
    p.join()
  File "/scratch/mez4em/anaconda3/lib/python3.10/multiprocessing/process.py", line 149, in join
    res = self._popen.wait(timeout)
  File "/scratch/mez4em/anaconda3/lib/python3.10/multiprocessing/popen_fork.py", line 43, in wait
    return self.poll(os.WNOHANG if timeout == 0.0 else 0)
  File "/scratch/mez4em/anaconda3/lib/python3.10/multiprocessing/popen_fork.py", line 27, in poll
    pid, sts = os.waitpid(self.pid, flag)
KeyboardInterrupt: 
^C^C^C
(base) -bash-4.4$killall -9 python3
(base) -bash-4.4$killall -9 python3
(base) -bash-4.4$killall -9 python3
python3: no process found
(base) -bash-4.4$python3 PA_P.py


150 sort,  1600 62779065 29819072 SAGE
tensor([999999., 999999.,      0.,      0.,      0.,      0.,      0.,      0.,
             0.])
150 sort,  100 8523242 62210141 SAGE
Server: average latency =  [102.94973754882812, 84.2279281616211] (ms) failures = [2, 0, 2] [42.32552213408053, 26.586821912787855, 22.11934483796358] 4923 5410 20.220378637313843 39117.58447265625
tensor([ 102.9497, 1056.0607,   84.2279,    1.1171,   42.3255,    0.0000,
          26.5868,   22.1193,    2.7725])
150 sort,  200 12099471 59435204 SAGE
Server: average latency =  [60.24210739135742, 32.663204193115234] (ms) failures = [0, 0, 0] [34.56623433995992, 26.77519001206383, 18.66790237883106] 3508 3827 15.587400674819946 38606.09765625
tensor([ 60.2421, 413.4485,  32.6632,   0.8485,  34.5662,   0.0000,  26.7752,
         18.6679,   3.9193])
150 sort,  800 33869600 46036745 SAGE
Server: average latency =  [93.71805572509766, 31.31207847595215] (ms) failures = [0, 0, 0] [27.598174441140145, 35.458854767493904, 16.227188650052994] 2242 2299 11.07450008392334 37173.92578125
tensor([ 93.7181, 283.7218,  31.3121,   0.5764,  27.5982,   0.0000,  35.4589,
         16.2272,   6.5241])
150 sort,  400 17019833 55982522 SAGE
Server: average latency =  [67.73418426513672, 26.620079040527344] (ms) failures = [0, 0, 0] [30.598828078713268, 28.268163775093853, 17.143485792912543] 2763 3003 13.065699815750122 38172.0341796875
tensor([ 67.7342, 249.9075,  26.6201,   0.6901,  30.5988,   0.0000,  28.2682,
         17.1435,   4.9947])






35 sort,  400 30922633 15040252 GAT
Server: average latency =  [565.0428466796875, 289.7542724609375] (ms) failures = [23, 23, 0] [6.91105439979583, 23.836326010059565, 60.57243349123746] 510 518 2.7765326499938965 34117.8369140625
tensor([5.6504e+02, 1.8833e+03, 2.8975e+02, 1.5158e-01, 6.9111e+00, 0.0000e+00,
        2.3836e+01, 6.0572e+01, 6.7548e+00])
35 sort,  1600 90224169 1000000 GAT
Server: average latency =  [631.037841796875, 197.29388427734375] (ms) failures = [677, 0, 677] [6.150888253003359, 41.85140725411475, 37.909010474570096] 408 408 2.2974750995635986 37478.39208984375
tensor([6.3104e+02, 1.6666e+03, 1.9729e+02, 1.3431e-01, 6.1509e+00, 0.0000e+00,
        4.1851e+01, 3.7909e+01, 8.5760e+00])
35 sort,  800 57674401 1000000 GAT
Server: average latency =  [920.6525268554688, 414.18621826171875] (ms) failures = [212, 18, 194] [5.823698585852981, 45.86616563051939, 44.717872604262084] 342 343 2.1080586910247803 36125.20263671875
tensor([9.2065e+02, 2.9716e+03, 4.1419e+02, 1.1233e-01, 5.8237e+00, 0.0000e+00,
        4.5866e+01, 4.4718e+01, 1.0201e+01])
35 sort,  200 25622724 20872373 GAT
Server: average latency =  [344.369140625, 213.93968200683594] (ms) failures = [1, 1, 0] [8.660432437434793, 20.6968035264872, 57.34363862266764] 825 831 3.835033893585205 34389.79931640625
tensor([3.4437e+02, 1.6796e+03, 2.1394e+02, 2.1854e-01, 8.6604e+00, 0.0000e+00,
        2.0697e+01, 5.7344e+01, 4.2106e+00])
35 sort,  100 19043024 28733798 GAT
Server: average latency =  [272.24072265625, 197.24224853515625] (ms) failures = [2, 2, 0] [10.689383464399725, 17.352247728500515, 59.342720246408135] 1218 1230 4.996898412704468 33555.07861328125
tensor([2.7224e+02, 1.4384e+03, 1.9724e+02, 2.7864e-01, 1.0689e+01, 0.0000e+00,
        1.7352e+01, 5.9343e+01, 2.8447e+00])
tensor([4.0000e+00, 2.7224e+02, 1.4384e+03, 1.9724e+02, 2.7864e-01, 1.0689e+01,
        0.0000e+00, 1.7352e+01, 5.9343e+01, 2.8447e+00])
(base) -bash-4.4$
























(base) -bash-4.4$python3 FR_P.py


400 sort,  100 3935627 29551016 SAGE
Server: average latency =  [3760.84521484375, 3749.814208984375] (ms) failures = [15, 0, 15] [64.60828281380236, 31.35862588370219, 48.13999042287469] 10964 13204 35.45055794715881 39385.14501953125
tensor([3.7608e+03, 9.3425e+04, 3.7498e+03, 3.1703e+00, 6.4608e+01, 0.0000e+00,
        3.1359e+01, 4.8140e+01, 3.0293e+00])
400 sort,  200 9004109 26876925 SAGE
Server: average latency =  [1102.0625, 1088.0843505859375] (ms) failures = [3, 0, 3] [44.35037032654509, 27.440624380484223, 37.84311201237142] 6880 7559 22.438210248947144 39315.60546875
tensor([1102.0625, 1802.9205, 1088.0844,    1.8678,   44.3504,    0.0000,
          27.4406,   37.8431,    5.2916])
400 sort,  1600 33234069 18141603 SAGE
Server: average latency =  [76.87091827392578, 29.762760162353516] (ms) failures = [1, 0, 1] [29.883459713310003, 29.618671878241003, 30.784710206091404] 3583 3689 12.951787948608398 39199.20361328125
tensor([ 76.8709, 302.7507,  29.7628,   0.9707,  29.8835,   0.0000,  29.6187,
         30.7847,  10.8428])
400 sort,  800 17446904 23504423 SAGE
Server: average latency =  [57.52194595336914, 26.307966232299805] (ms) failures = [1, 0, 1] [32.27787755290046, 24.503345999866724, 32.52138970140368] 3975 4274 14.758496046066284 39436.2890625
tensor([ 57.5219, 280.5198,  26.3080,   1.0587,  32.2779,   0.0000,  24.5033,
         32.5214,   9.3587])
400 sort,  400 10641835 26467228 SAGE
Server: average latency =  [55.86762619018555, 35.064571380615234] (ms) failures = [1, 0, 1] [34.844418313819915, 25.200204671360552, 33.064881172031164] 4588 5181 16.52399468421936 39430.66552734375
tensor([ 55.8676, 489.4013,  35.0646,   1.1893,  34.8444,   0.0000,  25.2002,
         33.0649,   7.7203])
tensor([  4.0000,  55.8676, 489.4013,  35.0646,   1.1893,  34.8444,   0.0000,
         25.2002,  33.0649,   7.7203])






80 sort,  800 37229962 5991916 GAT
Server: average latency =  [369.61456298828125, 197.80039978027344] (ms) failures = [77, 0, 77] [8.337801965419203, 30.520877411123365, 43.507983464282006] 1014 1021 3.8132131099700928 39112.09423828125
tensor([3.6961e+02, 1.6581e+03, 1.9780e+02, 2.9185e-01, 8.3378e+00, 0.0000e+00,
        3.0521e+01, 4.3508e+01, 7.8345e+00])
80 sort,  400 21304650 13073358 GAT
Server: average latency =  [300.603759765625, 225.43621826171875] (ms) failures = [2, 0, 2] [10.22965892823413, 12.626749680377543, 56.54364277608693] 1480 1509 5.119765043258667 37785.87451171875
tensor([3.0060e+02, 1.8178e+03, 2.2544e+02, 3.5767e-01, 1.0230e+01, 0.0000e+00,
        1.2627e+01, 5.6544e+01, 5.3009e+00])
80 sort,  200 16622593 15542322 GAT
Server: average latency =  [193.0167236328125, 152.03952026367188] (ms) failures = [7, 0, 7] [12.01351460814476, 10.184561038855463, 55.4130826741457] 1870 1904 6.282044172286987 36613.80615234375
tensor([1.9302e+02, 1.2782e+03, 1.5204e+02, 4.5037e-01, 1.2014e+01, 0.0000e+00,
        1.0185e+01, 5.5413e+01, 4.2012e+00])
80 sort,  100 16624048 15541459 GAT
Server: average latency =  [231.873779296875, 206.5679473876953] (ms) failures = [3, 0, 3] [15.74389836192131, 11.237732803449035, 57.78898831130937] 2717 2760 8.494857788085938 37683.0537109375
tensor([2.3187e+02, 1.4997e+03, 2.0657e+02, 5.8404e-01, 1.5744e+01, 0.0000e+00,
        1.1238e+01, 5.7789e+01, 2.8982e+00])
tensor([3.0000e+00, 1.9302e+02, 1.2782e+03, 1.5204e+02, 4.5037e-01, 1.2014e+01,
        0.0000e+00, 1.0185e+01, 5.5413e+01, 4.2012e+00])
        
        
        


(base) -bash-4.4$python3 FR_P.py


350 sort,  100 3935627 29551016 SAGE
Server: average latency =  [2451.20458984375, 2440.44970703125] (ms) failures = [15, 0, 15] [56.14630041504279, 27.51671509258449, 42.28735189139843] 9957 11927 31.31384038925171 39185.26513671875
tensor([2.4512e+03, 6.7719e+04, 2.4404e+03, 2.5217e+00, 5.6146e+01, 0.0000e+00,
        2.7517e+01, 4.2287e+01, 2.9344e+00])
350 sort,  200 9004109 26876925 SAGE
Server: average latency =  [79.49268341064453, 65.37811279296875] (ms) failures = [1, 0, 1] [37.25493199797347, 24.196186459623277, 33.028987754601985] 5990 6601 19.323085069656372 39263.65771484375
tensor([  79.4927, 1033.6835,   65.3781,    1.4239,   37.2549,    0.0000,
          24.1962,   33.0290,    5.3021])
350 sort,  1600 33234069 18141603 SAGE
Server: average latency =  [61.32508850097656, 23.32274055480957] (ms) failures = [1, 0, 1] [28.759715117979795, 26.51129906438291, 29.203450340777636] 4068 4148 13.554377317428589 39111.99853515625
tensor([ 61.3251, 278.6165,  23.3227,   0.9988,  28.7597,   0.0000,  26.5113,
         29.2035,   8.4376])
350 sort,  800 17446904 23504423 SAGE
Server: average latency =  [48.03520965576172, 20.90899085998535] (ms) failures = [1, 0, 1] [30.808041133452207, 22.31280914368108, 30.736873438116163] 4487 4760 15.07676911354065 39190.73828125
tensor([ 48.0352, 239.8409,  20.9090,   1.0813,  30.8080,   0.0000,  22.3128,
         30.7369,   7.3527])
350 sort,  400 10641835 26467228 SAGE
Server: average latency =  [40.93722152709961, 22.118417739868164] (ms) failures = [1, 0, 1] [33.02772888774052, 22.784800675231963, 31.16647146968171] 4978 5500 16.626384019851685 39238.99560546875
tensor([ 40.9372, 285.7080,  22.1184,   1.1649,  33.0277,   0.0000,  22.7848,
         31.1665,   6.3635])
tensor([  4.0000,  40.9372, 285.7080,  22.1184,   1.1649,  33.0277,   0.0000,
         22.7848,  31.1665,   6.3635])



